<?xml version="1.0" encoding="UTF-8"?>
<!-- Generated by org.testng.reporters.JUnitXMLReporter -->
<testsuite hostname="DESKTOP-U4JS4MC" ignored="0" name="Test" tests="6" failures="0" timestamp="2020-01-19T13:37:45 IST" time="186.626" errors="0">
  <testcase name="createCustomer" time="22.452" classname="com.actitime.scripts.TaskTest"/>
  <testcase name="createNewProject" time="11.698" classname="com.actitime.scripts.TaskTest"/>
  <testcase name="createNewTask" time="16.56" classname="com.actitime.scripts.TaskTest"/>
  <testcase name="deleteNewTask" time="15.648" classname="com.actitime.scripts.TaskTest"/>
  <testcase name="deleteNewProject" time="8.983" classname="com.actitime.scripts.TaskTest"/>
  <testcase name="deleteCustomer" time="11.417" classname="com.actitime.scripts.TaskTest"/>
</testsuite> <!-- Test -->
