<?xml version="1.0" encoding="UTF-8"?>
<testng-results skipped="0" failed="0" ignored="0" total="6" passed="6">
  <reporter-output>
    <line>
      <![CDATA[Framework execution starts: Sun Jan 19 13:34:35 IST 2020]]>
    </line>
    <line>
      <![CDATA[Chrome Browser Launched]]>
    </line>
    <line>
      <![CDATA[createCustomerscript execution starts: Sun Jan 19 13:34:52 IST 2020]]>
    </line>
    <line>
      <![CDATA[Create Customer is Verified]]>
    </line>
    <line>
      <![CDATA[createCustomer script is passed]]>
    </line>
    <line>
      <![CDATA[Browser Closed]]>
    </line>
    <line>
      <![CDATA[Chrome Browser Launched]]>
    </line>
    <line>
      <![CDATA[createNewProjectscript execution starts: Sun Jan 19 13:35:32 IST 2020]]>
    </line>
    <line>
      <![CDATA[Create Project is Verified]]>
    </line>
    <line>
      <![CDATA[createNewProject script is passed]]>
    </line>
    <line>
      <![CDATA[Browser Closed]]>
    </line>
    <line>
      <![CDATA[Chrome Browser Launched]]>
    </line>
    <line>
      <![CDATA[createNewTaskscript execution starts: Sun Jan 19 13:35:59 IST 2020]]>
    </line>
    <line>
      <![CDATA[Create Task is Verified]]>
    </line>
    <line>
      <![CDATA[createNewTask script is passed]]>
    </line>
    <line>
      <![CDATA[Browser Closed]]>
    </line>
    <line>
      <![CDATA[Chrome Browser Launched]]>
    </line>
    <line>
      <![CDATA[deleteNewTaskscript execution starts: Sun Jan 19 13:36:30 IST 2020]]>
    </line>
    <line>
      <![CDATA[Delete Task is Verified]]>
    </line>
    <line>
      <![CDATA[deleteNewTask script is passed]]>
    </line>
    <line>
      <![CDATA[Browser Closed]]>
    </line>
    <line>
      <![CDATA[Chrome Browser Launched]]>
    </line>
    <line>
      <![CDATA[deleteNewProjectscript execution starts: Sun Jan 19 13:37:02 IST 2020]]>
    </line>
    <line>
      <![CDATA[Delete Project is Verified]]>
    </line>
    <line>
      <![CDATA[deleteNewProject script is passed]]>
    </line>
    <line>
      <![CDATA[Browser Closed]]>
    </line>
    <line>
      <![CDATA[Chrome Browser Launched]]>
    </line>
    <line>
      <![CDATA[deleteCustomerscript execution starts: Sun Jan 19 13:37:30 IST 2020]]>
    </line>
    <line>
      <![CDATA[Customer has been successfully deleted.]]>
    </line>
    <line>
      <![CDATA[deleteCustomer script is passed]]>
    </line>
    <line>
      <![CDATA[Browser Closed]]>
    </line>
  </reporter-output>
  <suite name="Suite" duration-ms="186626" started-at="2020-01-19T13:34:35 IST" finished-at="2020-01-19T13:37:42 IST">
    <groups>
    </groups>
    <test name="Test" duration-ms="186626" started-at="2020-01-19T13:34:35 IST" finished-at="2020-01-19T13:37:42 IST">
      <class name="com.actitime.scripts.TaskTest">
        <test-method status="PASS" signature="preCondition(java.lang.String, java.lang.String)[pri:0, instance:com.actitime.scripts.TaskTest@10bdf5e5]" name="preCondition" is-config="true" duration-ms="16545" started-at="2020-01-19T13:34:35 IST" finished-at="2020-01-19T13:34:52 IST">
          <params>
            <param index="0">
              <value>
                <![CDATA[chrome]]>
              </value>
            </param>
            <param index="1">
              <value>
                <![CDATA[http://127.0.0.1/login.do]]>
              </value>
            </param>
          </params>
          <reporter-output>
            <line>
              <![CDATA[Chrome Browser Launched]]>
            </line>
          </reporter-output>
        </test-method> <!-- preCondition -->
        <test-method status="PASS" signature="createCustomer()[pri:1, instance:com.actitime.scripts.TaskTest@10bdf5e5]" name="createCustomer" duration-ms="22452" started-at="2020-01-19T13:34:52 IST" finished-at="2020-01-19T13:35:14 IST">
          <reporter-output>
            <line>
              <![CDATA[createCustomerscript execution starts: Sun Jan 19 13:34:52 IST 2020]]>
            </line>
            <line>
              <![CDATA[Create Customer is Verified]]>
            </line>
            <line>
              <![CDATA[createCustomer script is passed]]>
            </line>
          </reporter-output>
        </test-method> <!-- createCustomer -->
        <test-method status="PASS" signature="postCondition()[pri:0, instance:com.actitime.scripts.TaskTest@10bdf5e5]" name="postCondition" is-config="true" duration-ms="844" started-at="2020-01-19T13:35:14 IST" finished-at="2020-01-19T13:35:15 IST">
          <reporter-output>
            <line>
              <![CDATA[Browser Closed]]>
            </line>
          </reporter-output>
        </test-method> <!-- postCondition -->
        <test-method status="PASS" signature="preCondition(java.lang.String, java.lang.String)[pri:0, instance:com.actitime.scripts.TaskTest@10bdf5e5]" name="preCondition" is-config="true" duration-ms="17197" started-at="2020-01-19T13:35:15 IST" finished-at="2020-01-19T13:35:32 IST">
          <params>
            <param index="0">
              <value>
                <![CDATA[chrome]]>
              </value>
            </param>
            <param index="1">
              <value>
                <![CDATA[http://127.0.0.1/login.do]]>
              </value>
            </param>
          </params>
          <reporter-output>
            <line>
              <![CDATA[Chrome Browser Launched]]>
            </line>
          </reporter-output>
        </test-method> <!-- preCondition -->
        <test-method status="PASS" signature="createNewProject()[pri:2, instance:com.actitime.scripts.TaskTest@10bdf5e5]" name="createNewProject" duration-ms="11698" started-at="2020-01-19T13:35:32 IST" depends-on-methods="com.actitime.scripts.TaskTest.createCustomer" finished-at="2020-01-19T13:35:44 IST">
          <reporter-output>
            <line>
              <![CDATA[createNewProjectscript execution starts: Sun Jan 19 13:35:32 IST 2020]]>
            </line>
            <line>
              <![CDATA[Create Project is Verified]]>
            </line>
            <line>
              <![CDATA[createNewProject script is passed]]>
            </line>
          </reporter-output>
        </test-method> <!-- createNewProject -->
        <test-method status="PASS" signature="postCondition()[pri:0, instance:com.actitime.scripts.TaskTest@10bdf5e5]" name="postCondition" is-config="true" duration-ms="553" started-at="2020-01-19T13:35:44 IST" finished-at="2020-01-19T13:35:44 IST">
          <reporter-output>
            <line>
              <![CDATA[Browser Closed]]>
            </line>
          </reporter-output>
        </test-method> <!-- postCondition -->
        <test-method status="PASS" signature="preCondition(java.lang.String, java.lang.String)[pri:0, instance:com.actitime.scripts.TaskTest@10bdf5e5]" name="preCondition" is-config="true" duration-ms="14456" started-at="2020-01-19T13:35:44 IST" finished-at="2020-01-19T13:35:59 IST">
          <params>
            <param index="0">
              <value>
                <![CDATA[chrome]]>
              </value>
            </param>
            <param index="1">
              <value>
                <![CDATA[http://127.0.0.1/login.do]]>
              </value>
            </param>
          </params>
          <reporter-output>
            <line>
              <![CDATA[Chrome Browser Launched]]>
            </line>
          </reporter-output>
        </test-method> <!-- preCondition -->
        <test-method status="PASS" signature="createNewTask()[pri:3, instance:com.actitime.scripts.TaskTest@10bdf5e5]" name="createNewTask" duration-ms="16560" started-at="2020-01-19T13:35:59 IST" depends-on-methods="com.actitime.scripts.TaskTest.createNewProject" finished-at="2020-01-19T13:36:15 IST">
          <reporter-output>
            <line>
              <![CDATA[createNewTaskscript execution starts: Sun Jan 19 13:35:59 IST 2020]]>
            </line>
            <line>
              <![CDATA[Create Task is Verified]]>
            </line>
            <line>
              <![CDATA[createNewTask script is passed]]>
            </line>
          </reporter-output>
        </test-method> <!-- createNewTask -->
        <test-method status="PASS" signature="postCondition()[pri:0, instance:com.actitime.scripts.TaskTest@10bdf5e5]" name="postCondition" is-config="true" duration-ms="1436" started-at="2020-01-19T13:36:15 IST" finished-at="2020-01-19T13:36:17 IST">
          <reporter-output>
            <line>
              <![CDATA[Browser Closed]]>
            </line>
          </reporter-output>
        </test-method> <!-- postCondition -->
        <test-method status="PASS" signature="preCondition(java.lang.String, java.lang.String)[pri:0, instance:com.actitime.scripts.TaskTest@10bdf5e5]" name="preCondition" is-config="true" duration-ms="12976" started-at="2020-01-19T13:36:17 IST" finished-at="2020-01-19T13:36:30 IST">
          <params>
            <param index="0">
              <value>
                <![CDATA[chrome]]>
              </value>
            </param>
            <param index="1">
              <value>
                <![CDATA[http://127.0.0.1/login.do]]>
              </value>
            </param>
          </params>
          <reporter-output>
            <line>
              <![CDATA[Chrome Browser Launched]]>
            </line>
          </reporter-output>
        </test-method> <!-- preCondition -->
        <test-method status="PASS" signature="deleteNewTask()[pri:4, instance:com.actitime.scripts.TaskTest@10bdf5e5]" name="deleteNewTask" duration-ms="15648" started-at="2020-01-19T13:36:30 IST" depends-on-methods="com.actitime.scripts.TaskTest.createNewTask" finished-at="2020-01-19T13:36:45 IST">
          <reporter-output>
            <line>
              <![CDATA[deleteNewTaskscript execution starts: Sun Jan 19 13:36:30 IST 2020]]>
            </line>
            <line>
              <![CDATA[Delete Task is Verified]]>
            </line>
            <line>
              <![CDATA[deleteNewTask script is passed]]>
            </line>
          </reporter-output>
        </test-method> <!-- deleteNewTask -->
        <test-method status="PASS" signature="postCondition()[pri:0, instance:com.actitime.scripts.TaskTest@10bdf5e5]" name="postCondition" is-config="true" duration-ms="4556" started-at="2020-01-19T13:36:45 IST" finished-at="2020-01-19T13:36:50 IST">
          <reporter-output>
            <line>
              <![CDATA[Browser Closed]]>
            </line>
          </reporter-output>
        </test-method> <!-- postCondition -->
        <test-method status="PASS" signature="preCondition(java.lang.String, java.lang.String)[pri:0, instance:com.actitime.scripts.TaskTest@10bdf5e5]" name="preCondition" is-config="true" duration-ms="12334" started-at="2020-01-19T13:36:50 IST" finished-at="2020-01-19T13:37:02 IST">
          <params>
            <param index="0">
              <value>
                <![CDATA[chrome]]>
              </value>
            </param>
            <param index="1">
              <value>
                <![CDATA[http://127.0.0.1/login.do]]>
              </value>
            </param>
          </params>
          <reporter-output>
            <line>
              <![CDATA[Chrome Browser Launched]]>
            </line>
          </reporter-output>
        </test-method> <!-- preCondition -->
        <test-method status="PASS" signature="deleteNewProject()[pri:5, instance:com.actitime.scripts.TaskTest@10bdf5e5]" name="deleteNewProject" duration-ms="8983" started-at="2020-01-19T13:37:02 IST" depends-on-methods="com.actitime.scripts.TaskTest.createNewProject" finished-at="2020-01-19T13:37:11 IST">
          <reporter-output>
            <line>
              <![CDATA[deleteNewProjectscript execution starts: Sun Jan 19 13:37:02 IST 2020]]>
            </line>
            <line>
              <![CDATA[Delete Project is Verified]]>
            </line>
            <line>
              <![CDATA[deleteNewProject script is passed]]>
            </line>
          </reporter-output>
        </test-method> <!-- deleteNewProject -->
        <test-method status="PASS" signature="postCondition()[pri:0, instance:com.actitime.scripts.TaskTest@10bdf5e5]" name="postCondition" is-config="true" duration-ms="793" started-at="2020-01-19T13:37:11 IST" finished-at="2020-01-19T13:37:12 IST">
          <reporter-output>
            <line>
              <![CDATA[Browser Closed]]>
            </line>
          </reporter-output>
        </test-method> <!-- postCondition -->
        <test-method status="PASS" signature="preCondition(java.lang.String, java.lang.String)[pri:0, instance:com.actitime.scripts.TaskTest@10bdf5e5]" name="preCondition" is-config="true" duration-ms="17518" started-at="2020-01-19T13:37:12 IST" finished-at="2020-01-19T13:37:30 IST">
          <params>
            <param index="0">
              <value>
                <![CDATA[chrome]]>
              </value>
            </param>
            <param index="1">
              <value>
                <![CDATA[http://127.0.0.1/login.do]]>
              </value>
            </param>
          </params>
          <reporter-output>
            <line>
              <![CDATA[Chrome Browser Launched]]>
            </line>
          </reporter-output>
        </test-method> <!-- preCondition -->
        <test-method status="PASS" signature="deleteCustomer()[pri:6, instance:com.actitime.scripts.TaskTest@10bdf5e5]" name="deleteCustomer" duration-ms="11417" started-at="2020-01-19T13:37:30 IST" depends-on-methods="com.actitime.scripts.TaskTest.createCustomer" finished-at="2020-01-19T13:37:41 IST">
          <reporter-output>
            <line>
              <![CDATA[deleteCustomerscript execution starts: Sun Jan 19 13:37:30 IST 2020]]>
            </line>
            <line>
              <![CDATA[Customer has been successfully deleted.]]>
            </line>
            <line>
              <![CDATA[deleteCustomer script is passed]]>
            </line>
          </reporter-output>
        </test-method> <!-- deleteCustomer -->
        <test-method status="PASS" signature="postCondition()[pri:0, instance:com.actitime.scripts.TaskTest@10bdf5e5]" name="postCondition" is-config="true" duration-ms="539" started-at="2020-01-19T13:37:41 IST" finished-at="2020-01-19T13:37:42 IST">
          <reporter-output>
            <line>
              <![CDATA[Browser Closed]]>
            </line>
          </reporter-output>
        </test-method> <!-- postCondition -->
      </class> <!-- com.actitime.scripts.TaskTest -->
    </test> <!-- Test -->
  </suite> <!-- Suite -->
</testng-results>
